#
# There is insufficient memory for the Java Runtime Environment to continue.
# Native memory allocation (malloc) failed to allocate 1048576 bytes. Error detail: AllocateHeap
# Possible reasons:
#   The system is out of physical RAM or swap space
#   This process is running with CompressedOops enabled, and the Java Heap may be blocking the growth of the native heap
# Possible solutions:
#   Reduce memory load on the system
#   Increase physical memory or swap space
#   Check if swap backing store is full
#   Decrease Java heap size (-Xmx/-Xms)
#   Decrease number of Java threads
#   Decrease Java thread stack sizes (-Xss)
#   Set larger code cache with -XX:ReservedCodeCacheSize=
#   JVM is running with Unscaled Compressed Oops mode in which the Java heap is
#     placed in the first 4GB address space. The Java Heap base address is the
#     maximum limit for the native heap growth. Please use -XX:HeapBaseMinAddress
#     to set the Java Heap base and to place the Java Heap above 4GB virtual address.
# This output file may be truncated or incomplete.
#
#  Out of Memory Error (allocation.cpp:44), pid=12900, tid=8904
#
# JRE version:  (21.0.8+9) (build )
# Java VM: OpenJDK 64-Bit Server VM (21.0.8+9-LTS, mixed mode, sharing, tiered, compressed oops, compressed class ptrs, parallel gc, windows-amd64)
# No core dump will be written. Minidumps are not enabled by default on client versions of Windows
#

---------------  S U M M A R Y ------------

Command Line: --add-modules=ALL-SYSTEM --add-opens=java.base/java.util=ALL-UNNAMED --add-opens=java.base/java.lang=ALL-UNNAMED --add-opens=java.base/sun.nio.fs=ALL-UNNAMED -Declipse.application=org.eclipse.jdt.ls.core.id1 -Dosgi.bundles.defaultStartLevel=4 -Declipse.product=org.eclipse.jdt.ls.core.product -Djava.import.generatesMetadataFilesAtProjectRoot=false -DDetectVMInstallationsJob.disabled=true -Dfile.encoding=utf8 -XX:+UseParallelGC -XX:GCTimeRatio=4 -XX:AdaptiveSizePolicyWeight=90 -Dsun.zip.disableMemoryMapping=true -Xmx2G -Xms100m -Xlog:disable -javaagent:c:\Users\chseb\.vscode\extensions\redhat.java-1.46.0-win32-x64\lombok\lombok-1.18.39-4050.jar -XX:+HeapDumpOnOutOfMemoryError -XX:HeapDumpPath=c:\Users\chseb\AppData\Roaming\Code\User\workspaceStorage\a62237f4a3c46223b49eeccd06d4905d\redhat.java -Daether.dependencyCollector.impl=bf c:\Users\chseb\.vscode\extensions\redhat.java-1.46.0-win32-x64\server\plugins\org.eclipse.equinox.launcher_1.7.0.v20250519-0528.jar -configuration c:\Users\chseb\AppData\Roaming\Code\User\globalStorage\redhat.java\1.46.0\config_win -data c:\Users\chseb\AppData\Roaming\Code\User\workspaceStorage\a62237f4a3c46223b49eeccd06d4905d\redhat.java\jdt_ws --pipe=\\.\pipe\lsp-61982ff4c36e7e7b01bdd2f8b4b33383-sock

Host: Intel(R) Core(TM) i5-10210U CPU @ 1.60GHz, 8 cores, 7G,  Windows 11 , 64 bit Build 26100 (10.0.26100.6725)
Time: Sun Oct  5 16:10:01 2025 Hora est. Pacífico, Sudamérica elapsed time: 0.962594 seconds (0d 0h 0m 0s)

---------------  T H R E A D  ---------------

Current thread (0x000001ffb6e768d0):  JavaThread "Unknown thread" [_thread_in_vm, id=8904, stack(0x0000008f5d700000,0x0000008f5d800000) (1024K)]

Stack: [0x0000008f5d700000,0x0000008f5d800000]
Native frames: (J=compiled Java code, j=interpreted, Vv=VM code, C=native code)
V  [jvm.dll+0x6d2449]
V  [jvm.dll+0x8ae341]
V  [jvm.dll+0x8b08be]
V  [jvm.dll+0x8b0fa3]
V  [jvm.dll+0x280c96]
V  [jvm.dll+0xc0347]
V  [jvm.dll+0x706540]
V  [jvm.dll+0x7070ac]
V  [jvm.dll+0x6e0f43]
V  [jvm.dll+0x877c7c]
V  [jvm.dll+0x3becec]
V  [jvm.dll+0x8606d8]
V  [jvm.dll+0x4530ee]
V  [jvm.dll+0x454d31]
C  [jli.dll+0x5278]
C  [ucrtbase.dll+0x37b0]
C  [KERNEL32.DLL+0x2e8d7]
C  [ntdll.dll+0x8c53c]


---------------  P R O C E S S  ---------------

Threads class SMR info:
_java_thread_list=0x000001ffb92b2a20, length=1, elements={
0x000001ffb6e768d0
}

Java Threads: ( => current thread )
=>0x000001ffb6e768d0 JavaThread "Unknown thread"             [_thread_in_vm, id=8904, stack(0x0000008f5d700000,0x0000008f5d800000) (1024K)]
Total: 1

Other Threads:
  0x000001ffb90cca00 WatcherThread "VM Periodic Task Thread"        [id=16540, stack(0x0000008f5d900000,0x0000008f5da00000) (1024K)]
  0x000001ffb9260bd0 WorkerThread "GC Thread#0"                     [id=16800, stack(0x0000008f5d800000,0x0000008f5d900000) (1024K)]
Total: 2

Threads with active compile tasks:
Total: 0

VM state: not at safepoint (normal execution)

VM Mutex/Monitor currently owned by a thread: None

Heap address: 0x0000000080000000, size: 2048 MB, Compressed Oops mode: 32-bit

CDS archive(s) mapped at: [0x000001ffd0000000-0x000001ffd0ba0000-0x000001ffd0ba0000), size 12189696, SharedBaseAddress: 0x000001ffd0000000, ArchiveRelocationMode: 1.
Compressed class space mapped at: 0x000001ffd1000000-0x0000020011000000, reserved size: 1073741824
Narrow klass base: 0x000001ffd0000000, Narrow klass shift: 0, Narrow klass range: 0x100000000

GC Precious Log:
 CardTable entry size: 512
 CPUs: 8 total, 8 available
 Memory: 8014M
 Large Page Support: Disabled
 NUMA Support: Disabled
 Compressed Oops: Enabled (32-bit)
 Alignments: Space 512K, Generation 512K, Heap 2M
 Heap Min Capacity: 100M
 Heap Initial Capacity: 100M
 Heap Max Capacity: 2G
 Pre-touch: Disabled
 Parallel Workers: 8

Heap:
 PSYoungGen      total 29696K, used 512K [0x00000000d5580000, 0x00000000d7680000, 0x0000000100000000)
  eden space 25600K, 2% used [0x00000000d5580000,0x00000000d5600020,0x00000000d6e80000)
  from space 4096K, 0% used [0x00000000d7280000,0x00000000d7280000,0x00000000d7680000)
  to   space 4096K, 0% used [0x00000000d6e80000,0x00000000d6e80000,0x00000000d7280000)
 ParOldGen       total 68608K, used 0K [0x0000000080000000, 0x0000000084300000, 0x00000000d5580000)
  object space 68608K, 0% used [0x0000000080000000,0x0000000080000000,0x0000000084300000)
 Metaspace       used 0K, committed 0K, reserved 1048576K
  class space    used 0K, committed 0K, reserved 1048576K

Card table byte_map: [0x000001ffb8be0000,0x000001ffb8ff0000] _byte_map_base: 0x000001ffb87e0000

Marking Bits: (ParMarkBitMap*) 0x00007ffc915da340
 Begin Bits: [0x000001ffcb6e0000, 0x000001ffcd6e0000)
 End Bits:   [0x000001ffcd6e0000, 0x000001ffcf6e0000)

Polling page: 0x000001ffb71d0000

Metaspace:

Usage:
  Non-class:      0 bytes used.
      Class:      0 bytes used.
       Both:      0 bytes used.

Virtual space:
  Non-class space:        0 bytes reserved,       0 bytes (  ?%) committed,  0 nodes.
      Class space:        1.00 GB reserved,       0 bytes (  0%) committed,  1 nodes.
             Both:        1.00 GB reserved,       0 bytes (  0%) committed. 

Chunk freelists:
   Non-Class:  0 bytes
       Class:  16.00 MB
        Both:  16.00 MB

MaxMetaspaceSize: unlimited
CompressedClassSpaceSize: 1.00 GB
Initial GC threshold: 21.00 MB
Current GC threshold: 17179869184.00 GB
CDS: on
 - commit_granule_bytes: 65536.
 - commit_granule_words: 8192.
 - virtual_space_node_default_size: 8388608.
 - enlarge_chunks_in_place: 1.
 - use_allocation_guard: 0.


Internal statistics:

num_allocs_failed_limit: 0.
num_arena_births: 0.
num_arena_deaths: 0.
num_vsnodes_births: 1.
num_vsnodes_deaths: 0.
num_space_committed: 0.
num_space_uncommitted: 0.
num_chunks_returned_to_freelist: 0.
num_chunks_taken_from_freelist: 1.
num_chunk_merges: 0.
num_chunk_splits: 1.
num_chunks_enlarged: 0.
num_inconsistent_stats: 0.

CodeHeap 'non-profiled nmethods': size=120000Kb used=0Kb max_used=0Kb free=120000Kb
 bounds [0x000001ffc3f00000, 0x000001ffc4170000, 0x000001ffcb430000]
CodeHeap 'profiled nmethods': size=120000Kb used=0Kb max_used=0Kb free=120000Kb
 bounds [0x000001ffbc430000, 0x000001ffbc6a0000, 0x000001ffc3960000]
CodeHeap 'non-nmethods': size=5760Kb used=194Kb max_used=342Kb free=5565Kb
 bounds [0x000001ffc3960000, 0x000001ffc3bd0000, 0x000001ffc3f00000]
CodeCache: size=245760Kb, used=194Kb, max_used=342Kb, free=245565Kb
 total_blobs=70, nmethods=0, adapters=48, full_count=0
Compilation: enabled, stopped_count=0, restarted_count=0

Compilation events (0 events):
No events

GC Heap History (0 events):
No events

Dll operation events (1 events):
Event: 0.142 Loaded shared library c:\Users\chseb\.vscode\extensions\redhat.java-1.46.0-win32-x64\jre\21.0.8-win32-x86_64\bin\java.dll

Deoptimization events (0 events):
No events

Classes loaded (0 events):
No events

Classes unloaded (0 events):
No events

Classes redefined (0 events):
No events

Internal exceptions (0 events):
No events

ZGC Phase Switch (0 events):
No events

VM Operations (0 events):
No events

Memory protections (0 events):
No events

Nmethod flushes (0 events):
No events

Events (1 events):
Event: 0.482 Thread 0x000001ffb6e768d0 Thread added: 0x000001ffb6e768d0


Dynamic libraries:
0x00007ff6eb1a0000 - 0x00007ff6eb1ae000 	c:\Users\chseb\.vscode\extensions\redhat.java-1.46.0-win32-x64\jre\21.0.8-win32-x86_64\bin\java.exe
0x00007ffd5b720000 - 0x00007ffd5b988000 	C:\WINDOWS\SYSTEM32\ntdll.dll
0x00007ffd5aa20000 - 0x00007ffd5aae9000 	C:\WINDOWS\System32\KERNEL32.DLL
0x00007ffd590f0000 - 0x00007ffd594e2000 	C:\WINDOWS\System32\KERNELBASE.dll
0x00007ffd54bd0000 - 0x00007ffd54c6f000 	C:\WINDOWS\SYSTEM32\apphelp.dll
0x00007ffd58cd0000 - 0x00007ffd58e1b000 	C:\WINDOWS\System32\ucrtbase.dll
0x00007ffd314f0000 - 0x00007ffd31508000 	c:\Users\chseb\.vscode\extensions\redhat.java-1.46.0-win32-x64\jre\21.0.8-win32-x86_64\bin\jli.dll
0x00007ffd5b2e0000 - 0x00007ffd5b4a5000 	C:\WINDOWS\System32\USER32.dll
0x00007ffd58c10000 - 0x00007ffd58c37000 	C:\WINDOWS\System32\win32u.dll
0x00007ffd5b160000 - 0x00007ffd5b18b000 	C:\WINDOWS\System32\GDI32.dll
0x00007ffd588b0000 - 0x00007ffd589dd000 	C:\WINDOWS\System32\gdi32full.dll
0x00007ffd58b60000 - 0x00007ffd58c03000 	C:\WINDOWS\System32\msvcp_win.dll
0x00007ffd2f980000 - 0x00007ffd2f99e000 	c:\Users\chseb\.vscode\extensions\redhat.java-1.46.0-win32-x64\jre\21.0.8-win32-x86_64\bin\VCRUNTIME140.dll
0x00007ffd3a5d0000 - 0x00007ffd3a863000 	C:\WINDOWS\WinSxS\amd64_microsoft.windows.common-controls_6595b64144ccf1df_6.0.26100.6725_none_3e085828e334708b\COMCTL32.dll
0x00007ffd5a1f0000 - 0x00007ffd5a299000 	C:\WINDOWS\System32\msvcrt.dll
0x00007ffd5b190000 - 0x00007ffd5b1bf000 	C:\WINDOWS\System32\IMM32.DLL
0x00007ffd3e3e0000 - 0x00007ffd3e3ec000 	c:\Users\chseb\.vscode\extensions\redhat.java-1.46.0-win32-x64\jre\21.0.8-win32-x86_64\bin\vcruntime140_1.dll
0x00007ffce8100000 - 0x00007ffce818d000 	c:\Users\chseb\.vscode\extensions\redhat.java-1.46.0-win32-x64\jre\21.0.8-win32-x86_64\bin\msvcp140.dll
0x00007ffc90920000 - 0x00007ffc916b7000 	c:\Users\chseb\.vscode\extensions\redhat.java-1.46.0-win32-x64\jre\21.0.8-win32-x86_64\bin\server\jvm.dll
0x00007ffd5b0a0000 - 0x00007ffd5b154000 	C:\WINDOWS\System32\ADVAPI32.dll
0x00007ffd5a970000 - 0x00007ffd5aa16000 	C:\WINDOWS\System32\sechost.dll
0x00007ffd5a2a0000 - 0x00007ffd5a3b8000 	C:\WINDOWS\System32\RPCRT4.dll
0x00007ffd5b250000 - 0x00007ffd5b2c4000 	C:\WINDOWS\System32\WS2_32.dll
0x00007ffd58710000 - 0x00007ffd5876e000 	C:\WINDOWS\SYSTEM32\POWRPROF.dll
0x00007ffd43280000 - 0x00007ffd432b5000 	C:\WINDOWS\SYSTEM32\WINMM.dll
0x00007ffd50f10000 - 0x00007ffd50f1b000 	C:\WINDOWS\SYSTEM32\VERSION.dll
0x00007ffd586f0000 - 0x00007ffd58704000 	C:\WINDOWS\SYSTEM32\UMPDC.dll
0x00007ffd57660000 - 0x00007ffd5767b000 	C:\WINDOWS\SYSTEM32\kernel.appcore.dll
0x00007ffd3a3f0000 - 0x00007ffd3a3fa000 	c:\Users\chseb\.vscode\extensions\redhat.java-1.46.0-win32-x64\jre\21.0.8-win32-x86_64\bin\jimage.dll
0x00007ffd55b90000 - 0x00007ffd55dd2000 	C:\WINDOWS\SYSTEM32\DBGHELP.DLL
0x00007ffd59e70000 - 0x00007ffd5a1eb000 	C:\WINDOWS\System32\combase.dll
0x00007ffd5aca0000 - 0x00007ffd5ad77000 	C:\WINDOWS\System32\OLEAUT32.dll
0x00007ffd36280000 - 0x00007ffd362bc000 	C:\WINDOWS\SYSTEM32\dbgcore.DLL
0x00007ffd58ee0000 - 0x00007ffd58f78000 	C:\WINDOWS\System32\bcryptPrimitives.dll
0x00007ffd395a0000 - 0x00007ffd395af000 	c:\Users\chseb\.vscode\extensions\redhat.java-1.46.0-win32-x64\jre\21.0.8-win32-x86_64\bin\instrument.dll
0x00007ffd2d530000 - 0x00007ffd2d54f000 	c:\Users\chseb\.vscode\extensions\redhat.java-1.46.0-win32-x64\jre\21.0.8-win32-x86_64\bin\java.dll

JVMTI agents:
c:\Users\chseb\.vscode\extensions\redhat.java-1.46.0-win32-x64\lombok\lombok-1.18.39-4050.jar path:none, loaded, not initialized, instrumentlib options:none

dbghelp: loaded successfully - version: 4.0.5 - missing functions: none
symbol engine: initialized successfully - sym options: 0x614 - pdb path: .;c:\Users\chseb\.vscode\extensions\redhat.java-1.46.0-win32-x64\jre\21.0.8-win32-x86_64\bin;C:\WINDOWS\SYSTEM32;C:\WINDOWS\WinSxS\amd64_microsoft.windows.common-controls_6595b64144ccf1df_6.0.26100.6725_none_3e085828e334708b;c:\Users\chseb\.vscode\extensions\redhat.java-1.46.0-win32-x64\jre\21.0.8-win32-x86_64\bin\server

VM Arguments:
jvm_args: --add-modules=ALL-SYSTEM --add-opens=java.base/java.util=ALL-UNNAMED --add-opens=java.base/java.lang=ALL-UNNAMED --add-opens=java.base/sun.nio.fs=ALL-UNNAMED -Declipse.application=org.eclipse.jdt.ls.core.id1 -Dosgi.bundles.defaultStartLevel=4 -Declipse.product=org.eclipse.jdt.ls.core.product -Djava.import.generatesMetadataFilesAtProjectRoot=false -DDetectVMInstallationsJob.disabled=true -Dfile.encoding=utf8 -XX:+UseParallelGC -XX:GCTimeRatio=4 -XX:AdaptiveSizePolicyWeight=90 -Dsun.zip.disableMemoryMapping=true -Xmx2G -Xms100m -Xlog:disable -javaagent:c:\Users\chseb\.vscode\extensions\redhat.java-1.46.0-win32-x64\lombok\lombok-1.18.39-4050.jar -XX:+HeapDumpOnOutOfMemoryError -XX:HeapDumpPath=c:\Users\chseb\AppData\Roaming\Code\User\workspaceStorage\a62237f4a3c46223b49eeccd06d4905d\redhat.java -Daether.dependencyCollector.impl=bf 
java_command: c:\Users\chseb\.vscode\extensions\redhat.java-1.46.0-win32-x64\server\plugins\org.eclipse.equinox.launcher_1.7.0.v20250519-0528.jar -configuration c:\Users\chseb\AppData\Roaming\Code\User\globalStorage\redhat.java\1.46.0\config_win -data c:\Users\chseb\AppData\Roaming\Code\User\workspaceStorage\a62237f4a3c46223b49eeccd06d4905d\redhat.java\jdt_ws --pipe=\\.\pipe\lsp-61982ff4c36e7e7b01bdd2f8b4b33383-sock
java_class_path (initial): c:\Users\chseb\.vscode\extensions\redhat.java-1.46.0-win32-x64\server\plugins\org.eclipse.equinox.launcher_1.7.0.v20250519-0528.jar
Launcher Type: SUN_STANDARD

[Global flags]
    uintx AdaptiveSizePolicyWeight                 = 90                                        {product} {command line}
     intx CICompilerCount                          = 4                                         {product} {ergonomic}
    uintx GCTimeRatio                              = 4                                         {product} {command line}
     bool HeapDumpOnOutOfMemoryError               = true                                   {manageable} {command line}
    ccstr HeapDumpPath                             = c:\Users\chseb\AppData\Roaming\Code\User\workspaceStorage\a62237f4a3c46223b49eeccd06d4905d\redhat.java         {manageable} {command line}
   size_t InitialHeapSize                          = 104857600                                 {product} {command line}
   size_t MaxHeapSize                              = 2147483648                                {product} {command line}
   size_t MaxNewSize                               = 715653120                                 {product} {ergonomic}
   size_t MinHeapDeltaBytes                        = 524288                                    {product} {ergonomic}
   size_t MinHeapSize                              = 104857600                                 {product} {command line}
   size_t NewSize                                  = 34603008                                  {product} {ergonomic}
    uintx NonNMethodCodeHeapSize                   = 5839372                                {pd product} {ergonomic}
    uintx NonProfiledCodeHeapSize                  = 122909434                              {pd product} {ergonomic}
   size_t OldSize                                  = 70254592                                  {product} {ergonomic}
    uintx ProfiledCodeHeapSize                     = 122909434                              {pd product} {ergonomic}
    uintx ReservedCodeCacheSize                    = 251658240                              {pd product} {ergonomic}
     bool SegmentedCodeCache                       = true                                      {product} {ergonomic}
   size_t SoftMaxHeapSize                          = 2147483648                             {manageable} {ergonomic}
     bool UseCompressedOops                        = true                           {product lp64_product} {ergonomic}
     bool UseLargePagesIndividualAllocation        = false                                  {pd product} {ergonomic}
     bool UseParallelGC                            = true                                      {product} {command line}

Logging:
Log output configuration:
 #0: stdout all=off uptime,level,tags foldmultilines=false
 #1: stderr all=off uptime,level,tags foldmultilines=false

Environment Variables:
JAVA_HOME=C:\Program Files\Java\jdk-24
PATH=C:\Program Files (x86)\Common Files\Oracle\Java\java8path;C:\Program Files (x86)\Common Files\Oracle\Java\javapath;C:\Program Files\Java\jdk-21\bin;C:\apache-maven-3.9.6\bin;C:\ProgramData\Oracle\Java\javapath;C:\WINDOWS\system32;C:\WINDOWS;C:\WINDOWS\System32\Wbem;C:\WINDOWS\System32\WindowsPowerShell\v1.0\;C:\WINDOWS\System32\OpenSSH\;C:\Program Files (x86)\HP\Common\HPDestPlgIn\;C:\Program Files\dotnet\;C:\Program Files\nodejs\;C:\Program Files\Git\cmd;C:\Program Files\HP\HP One Agent;C:\Program Files\PowerShell\7\;C:\Users\chseb\AppData\Local\Programs\Python\Python313\Scripts\;C:\Users\chseb\AppData\Local\Programs\Python\Python313\;C:\Program Files\Java\jdk-24\bin;C:\Users\chseb\AppData\Local\Programs\Microsoft VS Code\bin
USERNAME=chseb
OS=Windows_NT
PROCESSOR_IDENTIFIER=Intel64 Family 6 Model 142 Stepping 12, GenuineIntel
TMP=C:\Users\chseb\AppData\Local\Temp
TEMP=C:\Users\chseb\AppData\Local\Temp




Periodic native trim disabled

---------------  S Y S T E M  ---------------

OS:
 Windows 11 , 64 bit Build 26100 (10.0.26100.6725)
OS uptime: 0 days 7:35 hours
Hyper-V role detected

CPU: total 8 (initial active 8) (4 cores per cpu, 2 threads per core) family 6 model 142 stepping 12 microcode 0xfc, cx8, cmov, fxsr, ht, mmx, 3dnowpref, sse, sse2, sse3, ssse3, sse4.1, sse4.2, popcnt, lzcnt, tsc, tscinvbit, avx, avx2, aes, erms, clmul, bmi1, bmi2, adx, fma, vzeroupper, clflush, clflushopt, hv, rdtscp, f16c
Processor Information for the first 8 processors :
  Max Mhz: 2112, Current Mhz: 1609, Mhz Limit: 1605

Memory: 4k page, system-wide physical 8014M (414M free)
TotalPageFile size 16206M (AvailPageFile size 86M)
current process WorkingSet (physical memory assigned to process): 26M, peak: 26M
current process commit charge ("private bytes"): 209M, peak: 210M

vm_info: OpenJDK 64-Bit Server VM (21.0.8+9-LTS) for windows-amd64 JRE (21.0.8+9-LTS), built on 2025-07-15T00:00:00Z by "admin" with MS VC++ 17.7 (VS2022)

END.
